<?xml version="1.0" encoding="UTF-8"?>
<!-- Generated by org.testng.reporters.JUnitReportReporter -->
<testsuite hostname="WKWIN0716089" failures="0" tests="1" name="org.common.Runner.runnerClass" time="20.025" errors="0" timestamp="25 Oct 2018 09:15:31 GMT">
  <testcase classname="org.common.Runner.runnerClass" name="feature" time="20.025"/>
</testsuite> <!-- org.common.Runner.runnerClass -->
